NOTEBOOK is not valid with Options_Modeler_Basic
AE is not valid with Options_Modeler_Basic
MESH is not valid with Options_Modeler_Basic
DETAIL is not valid with Options_Modeler_Basic
TOOLKIT is not valid with Options_Modeler_Basic
NC-ADVANCED is not valid with Options_Modeler_Basic
PLOT is not valid with Options_Modeler_Basic
LIBRARYACCESS is not valid with Options_Modeler_Basic
ECAD is not valid with Options_Modeler_Basic
CABLING is not valid with Options_Modeler_Basic
REPORT is not valid with Options_Modeler_Basic
COMPOSITE is not valid with Options_Modeler_Basic
DIAGRAM is not valid with Options_Modeler_Basic
CDT is not valid with Options_Modeler_Basic
NC-CHECK is not valid with Options_Modeler_Basic
HARNESS-MFG is not valid with Options_Modeler_Basic
DIEFACE is not valid with Options_Modeler_Basic
FEM-POST is not valid with Options_Modeler_Basic
PIPING is not valid with Options_Modeler_Basic
DATA_for_PDGS is not valid with Options_Modeler_Basic
SCAN_TOOLS is not valid with Options_Modeler_Basic
LEGACY is not valid with Options_Modeler_Basic
CASTING is not valid with Options_Modeler_Basic
WELDING is not valid with Options_Modeler_Basic
PHOTORENDER is not valid with Options_Modeler_Basic
VERIFY is not valid with Options_Modeler_Basic
PROCESS_ASM is not valid with Options_Modeler_Basic
CMM is not valid with Options_Modeler_Basic
PROCESS_MFG is not valid with Options_Modeler_Basic
Web.Publish is not valid with Options_Modeler_Basic
Web.Link is not valid with Options_Modeler_Basic
SHEETMTL-DES is not valid with Options_Modeler_Basic
NC-SHEETMETAL is not valid with Options_Modeler_Basic
MOLDDESIGN-2 is not valid with Options_Modeler_Basic
INTF-CADDS5 is not valid with Options_Modeler_Basic
Mechanism_Design is not valid with Options_Modeler_Basic
Behavioral_Modeler is not valid with Options_Modeler_Basic
Expert_Machinist is not valid with Options_Modeler_Basic
4DNavigator is not valid with Options_Modeler_Basic
Import_Data_Doctor is not valid with Options_Modeler_Basic
Design_Animation is not valid with Options_Modeler_Basic
ADVANCED_RENDER is not valid with Options_Modeler_Basic
Chinese_Translation is not valid with Options_Modeler_Basic
ModelCHECK is not valid with Options_Modeler_Basic
Collaboration_Ext_CatiaV4 is not valid with Options_Modeler_Basic
Interactive_Surface_Design is not valid with Options_Modeler_Basic
ISOGEN is not valid with Options_Modeler_Basic
Mechanism_Dynamics is not valid with Options_Modeler_Basic
Expert_Moldbase is not valid with Options_Modeler_Basic
ASSY_PERFORMANCE is not valid with Options_Modeler_Basic
Progressive_Die is not valid with Options_Modeler_Basic
Reverse_Engineering is not valid with Options_Modeler_Basic
Collaboration is not valid with Options_Modeler_Basic
Advanced_Framework is not valid with Options_Modeler_Basic
Collaboration_Ext_NX is not valid with Options_Modeler_Basic
INTF_for_CATIA_V5 is not valid with Options_Modeler_Basic
INTF_for_I-DEAS is not valid with Options_Modeler_Basic
Intralink_8_0 is not valid with Options_Modeler_Basic
Collaboration_Ext_CatiaV5 is not valid with Options_Modeler_Basic
ECAD_COLLABORATION is not valid with Options_Modeler_Basic
INTF_for_JT is not valid with Options_Modeler_Basic
Digital_Rights_Mgt is not valid with Options_Modeler_Basic
Tolerance_Analysis is not valid with Options_Modeler_Basic
Manikin is not valid with Options_Modeler_Basic
Manikin_Analysis is not valid with Options_Modeler_Basic
Legacy_Migration is not valid with Options_Modeler_Basic
ADVANCED_RENDER_2 is not valid with Options_Modeler_Basic
Layout_3D_Integration is not valid with Options_Modeler_Basic
eLearning is not valid with Options_Modeler_Basic
Semantic_Anno is not valid with Options_Modeler_Basic
Freestyle_Design_Extension is not valid with Options_Modeler_Basic
Flexible_Modeling is not valid with Options_Modeler_Basic
96 is not valid with Options_Modeler_Basic
WARNING: Invalid search path file.
